<?xml version="1.0" encoding="UTF-8"?>
<!-- Generated by org.testng.reporters.JUnitReportReporter -->
<testsuite hostname="PAUL" failures="1" tests="14" name="cucumber.framework.runner.hrms.sceneoutlinefix.OutlineRunner" time="35.799" errors="0" timestamp="2022-09-20T01:49:19 WIB" skipped="0">
  <testcase classname="cucumber.framework.runner.hrms.sceneoutlinefix.OutlineRunner" name="runScenario" time="16.380"/>
  <system-out/>
  <testcase classname="cucumber.framework.runner.hrms.sceneoutlinefix.OutlineRunner" name="runScenario" time="1.809"/>
  <system-out/>
  <testcase classname="cucumber.framework.runner.hrms.sceneoutlinefix.OutlineRunner" name="runScenario" time="0.981"/>
  <system-out/>
  <testcase classname="cucumber.framework.runner.hrms.sceneoutlinefix.OutlineRunner" name="runScenario" time="1.643"/>
  <system-out/>
  <testcase classname="cucumber.framework.runner.hrms.sceneoutlinefix.OutlineRunner" name="runScenario" time="1.125">
    <failure message="expected [Launching Soo] but found [Launching Soon]" type="java.lang.AssertionError">
      <![CDATA[java.lang.AssertionError: expected [Launching Soo] but found [Launching Soon]
at org.testng.Assert.fail(Assert.java:99)
at org.testng.Assert.failNotEquals(Assert.java:1037)
at org.testng.Assert.assertEqualsImpl(Assert.java:140)
at org.testng.Assert.assertEquals(Assert.java:122)
at org.testng.Assert.assertEquals(Assert.java:629)
at org.testng.Assert.assertEquals(Assert.java:639)
at cucumber.framework.runner.hrms.sceneoutlinefix.Dashboard.user_on_menu_dashboard(Dashboard.java:35)
at âœ½.User on menu Dashboard(file:///C:/Users/pollc/eclipse-workspace/GenerateJarCucumber/src/main/resources/hrms/sceneoutlinefix/0004dashboard.feature:5)
]]>
    </failure>
  </testcase> <!-- runScenario -->
  <system-out/>
  <testcase classname="cucumber.framework.runner.hrms.sceneoutlinefix.OutlineRunner" name="runScenario" time="1.556"/>
  <system-out/>
  <testcase classname="cucumber.framework.runner.hrms.sceneoutlinefix.OutlineRunner" name="runScenario" time="1.556"/>
  <system-out/>
  <testcase classname="cucumber.framework.runner.hrms.sceneoutlinefix.OutlineRunner" name="runScenario" time="0.949"/>
  <system-out/>
  <testcase classname="cucumber.framework.runner.hrms.sceneoutlinefix.OutlineRunner" name="runScenario" time="1.060"/>
  <system-out/>
  <testcase classname="cucumber.framework.runner.hrms.sceneoutlinefix.OutlineRunner" name="runScenario" time="1.590"/>
  <system-out/>
  <testcase classname="cucumber.framework.runner.hrms.sceneoutlinefix.OutlineRunner" name="runScenario" time="1.238"/>
  <system-out/>
  <testcase classname="cucumber.framework.runner.hrms.sceneoutlinefix.OutlineRunner" name="runScenario" time="0.920"/>
  <system-out/>
  <testcase classname="cucumber.framework.runner.hrms.sceneoutlinefix.OutlineRunner" name="runScenario" time="1.021"/>
  <system-out/>
  <testcase classname="cucumber.framework.runner.hrms.sceneoutlinefix.OutlineRunner" name="runScenario" time="3.971"/>
  <system-out/>
</testsuite> <!-- cucumber.framework.runner.hrms.sceneoutlinefix.OutlineRunner -->
