<?xml version="1.0" encoding="UTF-8" standalone="no"?>
<testsuite errors="0" failures="1" name="io.cucumber.core.plugin.JUnitFormatter" skipped="0" tests="14" time="43.952">
    <testcase classname="Login Invalid Username Password" name="User invalid login Outlinee" time="23.445">
        <system-out><![CDATA[When Browser open Web HRM Outlinee..........................................passed
And Enter invalid Admin1234 and Admin Outlinee..............................passed
And button login clicked Outlinee...........................................passed
Then System check credentials invalid Outlinee..............................passed
]]></system-out>
    </testcase>
    <testcase classname="Login Invalid Username Password" name="User invalid login Outlinee 2" time="1.652">
        <system-out><![CDATA[When Browser open Web HRM Outlinee..........................................passed
And Enter invalid adminn123 and Admin Outlinee..............................passed
And button login clicked Outlinee...........................................passed
Then System check credentials invalid Outlinee..............................passed
]]></system-out>
    </testcase>
    <testcase classname="Login Invalid Username Password" name="User invalid login Outlinee 3" time="2.06">
        <system-out><![CDATA[When Browser open Web HRM Outlinee..........................................passed
And Enter invalid Addmin123 and Adminn Outlinee.............................passed
And button login clicked Outlinee...........................................passed
Then System check credentials invalid Outlinee..............................passed
]]></system-out>
    </testcase>
    <testcase classname="Login Invalid Username Password" name="User invalid login Outlinee 4" time="1.649">
        <system-out><![CDATA[When Browser open Web HRM Outlinee..........................................passed
And Enter invalid admin123 and Admmin Outlinee..............................passed
And button login clicked Outlinee...........................................passed
Then System check credentials invalid Outlinee..............................passed
]]></system-out>
    </testcase>
    <testcase classname="Login Invalid Username Password" name="User invalid login Outlinee 5" time="1.596">
        <system-out><![CDATA[When Browser open Web HRM Outlinee..........................................passed
And Enter invalid minad921 and Admins Outlinee..............................passed
And button login clicked Outlinee...........................................passed
Then System check credentials invalid Outlinee..............................passed
]]></system-out>
    </testcase>
    <testcase classname="Login Invalid Username Password" name="User invalid login Outlinee 6" time="1.61">
        <system-out><![CDATA[When Browser open Web HRM Outlinee..........................................passed
And Enter invalid admin1233 and Adminss Outlinee............................passed
And button login clicked Outlinee...........................................passed
Then System check credentials invalid Outlinee..............................passed
]]></system-out>
    </testcase>
    <testcase classname="Login Invalid Username Password" name="User invalid empty username and password Outline" time="0.963">
        <system-out><![CDATA[When User go to Web HRM Outline.............................................passed
And User enter Admin invalid Outline........................................passed
And User click button login empty username Outline..........................passed
Then User invalid empty username credentials Outline........................passed
And User enter Admin1234 invalid Outline....................................passed
And User click button login empty password Outline..........................passed
Then User invalid empty password credentials Outline........................passed
]]></system-out>
    </testcase>
    <testcase classname="Login Invalid Username Password" name="User invalid empty username and password Outline 2" time="0.938">
        <system-out><![CDATA[When User go to Web HRM Outline.............................................passed
And User enter Admin invalid Outline........................................passed
And User click button login empty username Outline..........................passed
Then User invalid empty username credentials Outline........................passed
And User enter adminn123 invalid Outline....................................passed
And User click button login empty password Outline..........................passed
Then User invalid empty password credentials Outline........................passed
]]></system-out>
    </testcase>
    <testcase classname="Login Invalid Username Password" name="User invalid empty username and password Outline 3" time="0.923">
        <system-out><![CDATA[When User go to Web HRM Outline.............................................passed
And User enter Adminn invalid Outline.......................................passed
And User click button login empty username Outline..........................passed
Then User invalid empty username credentials Outline........................passed
And User enter Addmin123 invalid Outline....................................passed
And User click button login empty password Outline..........................passed
Then User invalid empty password credentials Outline........................passed
]]></system-out>
    </testcase>
    <testcase classname="Login Invalid Username Password" name="User invalid empty username and password Outline 4" time="0.956">
        <system-out><![CDATA[When User go to Web HRM Outline.............................................passed
And User enter Admmin invalid Outline.......................................passed
And User click button login empty username Outline..........................passed
Then User invalid empty username credentials Outline........................passed
And User enter admin123 invalid Outline.....................................passed
And User click button login empty password Outline..........................passed
Then User invalid empty password credentials Outline........................passed
]]></system-out>
    </testcase>
    <testcase classname="Login Invalid Username Password" name="User invalid empty username and password Outline 5" time="0.916">
        <system-out><![CDATA[When User go to Web HRM Outline.............................................passed
And User enter Admins invalid Outline.......................................passed
And User click button login empty username Outline..........................passed
Then User invalid empty username credentials Outline........................passed
And User enter minad921 invalid Outline.....................................passed
And User click button login empty password Outline..........................passed
Then User invalid empty password credentials Outline........................passed
]]></system-out>
    </testcase>
    <testcase classname="Login Invalid Username Password" name="User invalid empty username and password Outline 6" time="0.932">
        <system-out><![CDATA[When User go to Web HRM Outline.............................................passed
And User enter Adminss invalid Outline......................................passed
And User click button login empty username Outline..........................passed
Then User invalid empty username credentials Outline........................passed
And User enter admin1233 invalid Outline....................................passed
And User click button login empty password Outline..........................passed
Then User invalid empty password credentials Outline........................passed
]]></system-out>
    </testcase>
    <testcase classname="Login Valid HRMS" name="User valid login" time="2.615">
        <system-out><![CDATA[When User go to Web HRM.....................................................passed
And User enter valid username password......................................passed
And User click button login.................................................passed
Then User valid credentials.................................................passed
]]></system-out>
    </testcase>
    <testcase classname="Dashboard User HRMS" name="Dashboard user function" time="1.118">
        <failure message="expected [Launching Soo] but found [Launching Soon]" type="java.lang.AssertionError"><![CDATA[When User click menu Dashboard Outline......................................passed
Then User on menu Dashboard.................................................failed

StackTrace:
java.lang.AssertionError: expected [Launching Soo] but found [Launching Soon]
	at org.testng.Assert.fail(Assert.java:110)
	at org.testng.Assert.failNotEquals(Assert.java:1413)
	at org.testng.Assert.assertEqualsImpl(Assert.java:149)
	at org.testng.Assert.assertEquals(Assert.java:131)
	at org.testng.Assert.assertEquals(Assert.java:655)
	at org.testng.Assert.assertEquals(Assert.java:665)
	at cucumber.framework.runner.hrms.sceneoutlinefix.Dashboard.user_on_menu_dashboard(Dashboard.java:35)
	at âœ½.User on menu Dashboard(classpath:hrms/sceneoutlinefix/0004dashboard.feature:5)
]]></failure>
    </testcase>
</testsuite>
